<?xml version="1.0" encoding="UTF-8"?>
<testsuite xmlns:xsi="http://www.w3.org/2001/XMLSchema-instance" xsi:noNamespaceSchemaLocation="https://maven.apache.org/surefire/maven-surefire-plugin/xsd/surefire-test-report-3.0.xsd" version="3.0" name="testRunner.JobsRunnerTest" time="5.139" tests="1" errors="0" skipped="0" failures="0">
  <properties>
[...]
</properties>
  <testcase name="as Api User I can Post Product" classname="As Api user I can post and get product" time="4.01">
    <system-out><![CDATA[
Scenario: as Api User I can Post Product                 &amp#27;[90m# src/test/java/features/product.feature:2&amp#27;[0m
  &amp#27;[32mGiven &amp#27;[0m&amp#27;[32mI set base url &amp#27;[0m&amp#27;[32m&amp#27;[1m"/products"&amp#27;[0m                       &amp#27;[90m# steps.StepsDefinition.iSetBaseUrl(java.lang.String)&amp#27;[0m
{"price":4000,"name":"MacBookPro33_07_08_2022_02_39"}
  &amp#27;[32mAnd &amp#27;[0m&amp#27;[32mI set product name &amp#27;[0m&amp#27;[32m&amp#27;[1m"MacBookPro33"&amp#27;[0m&amp#27;[32m and price &amp#27;[0m&amp#27;[32m&amp#27;[1m"4000"&amp#27;[0m &amp#27;[90m# steps.StepsDefinition.iSetProductNameAndPrice(java.lang.String,java.lang.String)&amp#27;[0m
  &amp#27;[32mWhen &amp#27;[0m&amp#27;[32mI post product&amp#27;[0m                                    &amp#27;[90m# steps.StepsDefinition.iPostProduct()&amp#27;[0m
response{
    "id": 7,
    "name": "MacBookPro33_07_08_2022_02_39",
    "price": 4000.0
}
  &amp#27;[32mThen &amp#27;[0m&amp#27;[32mPost product response should be &amp#27;[0m&amp#27;[32m&amp#27;[1m"200"&amp#27;[0m             &amp#27;[90m# steps.StepsDefinition.postProductResponseShouldBe(java.lang.String)&amp#27;[0m
]]></system-out>
  </testcase>
</testsuite>